<?xml version="1.0" encoding="UTF-8"?>
<testng-results ignored="0" total="9" passed="8" failed="1" skipped="0">
  <reporter-output>
  </reporter-output>
  <suite started-at="2021-11-03T18:38:22 IST" name="Suite" finished-at="2021-11-03T18:39:49 IST" duration-ms="87207">
    <groups>
    </groups>
    <test started-at="2021-11-03T18:38:22 IST" name="Test" finished-at="2021-11-03T18:39:49 IST" duration-ms="87207">
      <class name="TestClasses.MultipleDataLogin">
        <test-method is-config="true" signature="SetUp(java.lang.String)[pri:0, instance:TestClasses.MultipleDataLogin@73e9cf30]" started-at="2021-11-03T18:38:23 IST" name="SetUp" finished-at="2021-11-03T18:38:34 IST" duration-ms="10881" status="PASS">
          <params>
            <param index="0">
              <value>
                <![CDATA[chrome]]>
              </value>
            </param>
          </params>
          <reporter-output>
          </reporter-output>
        </test-method> <!-- SetUp -->
        <test-method is-config="true" signature="beforeMethod()[pri:0, instance:TestClasses.MultipleDataLogin@73e9cf30]" started-at="2021-11-03T18:38:34 IST" name="beforeMethod" finished-at="2021-11-03T18:38:34 IST" duration-ms="222" status="PASS">
          <reporter-output>
          </reporter-output>
        </test-method> <!-- beforeMethod -->
        <test-method signature="dataUsername1Invalid()[pri:0, instance:TestClasses.MultipleDataLogin@73e9cf30]" started-at="2021-11-03T18:38:34 IST" name="dataUsername1Invalid" finished-at="2021-11-03T18:38:43 IST" duration-ms="9098" status="FAIL">
          <exception class="java.lang.AssertionError">
            <message>
              <![CDATA[expected [false] but found [true]]]>
            </message>
            <full-stacktrace>
              <![CDATA[java.lang.AssertionError: expected [false] but found [true]
at org.testng.Assert.fail(Assert.java:99)
at org.testng.Assert.failNotEquals(Assert.java:1037)
at org.testng.Assert.assertFalse(Assert.java:67)
at org.testng.Assert.assertFalse(Assert.java:77)
at TestClasses.MultipleDataLogin.dataUsername1Invalid(MultipleDataLogin.java:57)
at java.base/jdk.internal.reflect.NativeMethodAccessorImpl.invoke0(Native Method)
at java.base/jdk.internal.reflect.NativeMethodAccessorImpl.invoke(NativeMethodAccessorImpl.java:64)
at java.base/jdk.internal.reflect.DelegatingMethodAccessorImpl.invoke(DelegatingMethodAccessorImpl.java:43)
at java.base/java.lang.reflect.Method.invoke(Method.java:564)
at org.testng.internal.MethodInvocationHelper.invokeMethod(MethodInvocationHelper.java:133)
at org.testng.internal.TestInvoker.invokeMethod(TestInvoker.java:598)
at org.testng.internal.TestInvoker.invokeTestMethod(TestInvoker.java:173)
at org.testng.internal.MethodRunner.runInSequence(MethodRunner.java:46)
at org.testng.internal.TestInvoker$MethodInvocationAgent.invoke(TestInvoker.java:824)
at org.testng.internal.TestInvoker.invokeTestMethods(TestInvoker.java:146)
at org.testng.internal.TestMethodWorker.invokeTestMethods(TestMethodWorker.java:146)
at org.testng.internal.TestMethodWorker.run(TestMethodWorker.java:128)
at java.base/java.util.ArrayList.forEach(ArrayList.java:1511)
at org.testng.TestRunner.privateRun(TestRunner.java:794)
at org.testng.TestRunner.run(TestRunner.java:596)
at org.testng.SuiteRunner.runTest(SuiteRunner.java:377)
at org.testng.SuiteRunner.runSequentially(SuiteRunner.java:371)
at org.testng.SuiteRunner.privateRun(SuiteRunner.java:332)
at org.testng.SuiteRunner.run(SuiteRunner.java:276)
at org.testng.SuiteRunnerWorker.runSuite(SuiteRunnerWorker.java:53)
at org.testng.SuiteRunnerWorker.run(SuiteRunnerWorker.java:96)
at org.testng.TestNG.runSuitesSequentially(TestNG.java:1212)
at org.testng.TestNG.runSuitesLocally(TestNG.java:1134)
at org.testng.TestNG.runSuites(TestNG.java:1063)
at org.testng.TestNG.run(TestNG.java:1031)
at org.testng.remote.AbstractRemoteTestNG.run(AbstractRemoteTestNG.java:115)
at org.testng.remote.RemoteTestNG.initAndRun(RemoteTestNG.java:251)
at org.testng.remote.RemoteTestNG.main(RemoteTestNG.java:77)
]]>
            </full-stacktrace>
          </exception> <!-- java.lang.AssertionError -->
          <reporter-output>
          </reporter-output>
        </test-method> <!-- dataUsername1Invalid -->
        <test-method is-config="true" signature="login()[pri:0, instance:TestClasses.MultipleDataLogin@73e9cf30]" started-at="2021-11-03T18:38:43 IST" name="login" finished-at="2021-11-03T18:38:45 IST" duration-ms="2054" status="PASS">
          <reporter-output>
          </reporter-output>
        </test-method> <!-- login -->
        <test-method is-config="true" signature="beforeMethod()[pri:0, instance:TestClasses.MultipleDataLogin@73e9cf30]" started-at="2021-11-03T18:38:45 IST" name="beforeMethod" finished-at="2021-11-03T18:38:45 IST" duration-ms="5" status="PASS">
          <reporter-output>
          </reporter-output>
        </test-method> <!-- beforeMethod -->
        <test-method signature="dataUsername2Valid()[pri:0, instance:TestClasses.MultipleDataLogin@73e9cf30]" started-at="2021-11-03T18:38:45 IST" name="dataUsername2Valid" finished-at="2021-11-03T18:38:50 IST" duration-ms="4785" status="PASS">
          <reporter-output>
          </reporter-output>
        </test-method> <!-- dataUsername2Valid -->
        <test-method is-config="true" signature="login()[pri:0, instance:TestClasses.MultipleDataLogin@73e9cf30]" started-at="2021-11-03T18:38:50 IST" name="login" finished-at="2021-11-03T18:38:52 IST" duration-ms="2070" status="PASS">
          <reporter-output>
          </reporter-output>
        </test-method> <!-- login -->
        <test-method is-config="true" signature="beforeMethod()[pri:0, instance:TestClasses.MultipleDataLogin@73e9cf30]" started-at="2021-11-03T18:38:52 IST" name="beforeMethod" finished-at="2021-11-03T18:38:52 IST" duration-ms="1" status="PASS">
          <reporter-output>
          </reporter-output>
        </test-method> <!-- beforeMethod -->
        <test-method signature="dataUsername3Invalid()[pri:0, instance:TestClasses.MultipleDataLogin@73e9cf30]" started-at="2021-11-03T18:38:52 IST" name="dataUsername3Invalid" finished-at="2021-11-03T18:38:57 IST" duration-ms="4803" status="PASS">
          <reporter-output>
          </reporter-output>
        </test-method> <!-- dataUsername3Invalid -->
        <test-method is-config="true" signature="login()[pri:0, instance:TestClasses.MultipleDataLogin@73e9cf30]" started-at="2021-11-03T18:38:57 IST" name="login" finished-at="2021-11-03T18:38:59 IST" duration-ms="2029" status="PASS">
          <reporter-output>
          </reporter-output>
        </test-method> <!-- login -->
        <test-method is-config="true" signature="beforeMethod()[pri:0, instance:TestClasses.MultipleDataLogin@73e9cf30]" started-at="2021-11-03T18:38:59 IST" name="beforeMethod" finished-at="2021-11-03T18:38:59 IST" duration-ms="1" status="PASS">
          <reporter-output>
          </reporter-output>
        </test-method> <!-- beforeMethod -->
        <test-method signature="dataUsername4Valid()[pri:0, instance:TestClasses.MultipleDataLogin@73e9cf30]" started-at="2021-11-03T18:38:59 IST" name="dataUsername4Valid" finished-at="2021-11-03T18:39:03 IST" duration-ms="4560" status="PASS">
          <reporter-output>
          </reporter-output>
        </test-method> <!-- dataUsername4Valid -->
        <test-method is-config="true" signature="login()[pri:0, instance:TestClasses.MultipleDataLogin@73e9cf30]" started-at="2021-11-03T18:39:03 IST" name="login" finished-at="2021-11-03T18:39:05 IST" duration-ms="2025" status="PASS">
          <reporter-output>
          </reporter-output>
        </test-method> <!-- login -->
        <test-method is-config="true" signature="beforeMethod()[pri:0, instance:TestClasses.MultipleDataLogin@73e9cf30]" started-at="2021-11-03T18:39:05 IST" name="beforeMethod" finished-at="2021-11-03T18:39:05 IST" duration-ms="1" status="PASS">
          <reporter-output>
          </reporter-output>
        </test-method> <!-- beforeMethod -->
        <test-method signature="dataUsername5Invalid()[pri:0, instance:TestClasses.MultipleDataLogin@73e9cf30]" started-at="2021-11-03T18:39:05 IST" name="dataUsername5Invalid" finished-at="2021-11-03T18:39:10 IST" duration-ms="4567" status="PASS">
          <reporter-output>
          </reporter-output>
        </test-method> <!-- dataUsername5Invalid -->
        <test-method is-config="true" signature="login()[pri:0, instance:TestClasses.MultipleDataLogin@73e9cf30]" started-at="2021-11-03T18:39:10 IST" name="login" finished-at="2021-11-03T18:39:12 IST" duration-ms="2023" status="PASS">
          <reporter-output>
          </reporter-output>
        </test-method> <!-- login -->
        <test-method is-config="true" signature="beforeMethod()[pri:0, instance:TestClasses.MultipleDataLogin@73e9cf30]" started-at="2021-11-03T18:39:12 IST" name="beforeMethod" finished-at="2021-11-03T18:39:12 IST" duration-ms="2" status="PASS">
          <reporter-output>
          </reporter-output>
        </test-method> <!-- beforeMethod -->
        <test-method signature="dataUsernamePassword1Invalid()[pri:0, instance:TestClasses.MultipleDataLogin@73e9cf30]" started-at="2021-11-03T18:39:12 IST" name="dataUsernamePassword1Invalid" finished-at="2021-11-03T18:39:19 IST" duration-ms="7409" status="PASS">
          <reporter-output>
          </reporter-output>
        </test-method> <!-- dataUsernamePassword1Invalid -->
        <test-method is-config="true" signature="login()[pri:0, instance:TestClasses.MultipleDataLogin@73e9cf30]" started-at="2021-11-03T18:39:19 IST" name="login" finished-at="2021-11-03T18:39:22 IST" duration-ms="2024" status="PASS">
          <reporter-output>
          </reporter-output>
        </test-method> <!-- login -->
        <test-method is-config="true" signature="beforeMethod()[pri:0, instance:TestClasses.MultipleDataLogin@73e9cf30]" started-at="2021-11-03T18:39:22 IST" name="beforeMethod" finished-at="2021-11-03T18:39:22 IST" duration-ms="0" status="PASS">
          <reporter-output>
          </reporter-output>
        </test-method> <!-- beforeMethod -->
        <test-method signature="dataUsernamePassword2Valid()[pri:0, instance:TestClasses.MultipleDataLogin@73e9cf30]" started-at="2021-11-03T18:39:22 IST" name="dataUsernamePassword2Valid" finished-at="2021-11-03T18:39:30 IST" duration-ms="8126" status="PASS">
          <reporter-output>
          </reporter-output>
        </test-method> <!-- dataUsernamePassword2Valid -->
        <test-method is-config="true" signature="login()[pri:0, instance:TestClasses.MultipleDataLogin@73e9cf30]" started-at="2021-11-03T18:39:30 IST" name="login" finished-at="2021-11-03T18:39:32 IST" duration-ms="2117" status="PASS">
          <reporter-output>
          </reporter-output>
        </test-method> <!-- login -->
        <test-method is-config="true" signature="beforeMethod()[pri:0, instance:TestClasses.MultipleDataLogin@73e9cf30]" started-at="2021-11-03T18:39:32 IST" name="beforeMethod" finished-at="2021-11-03T18:39:32 IST" duration-ms="1" status="PASS">
          <reporter-output>
          </reporter-output>
        </test-method> <!-- beforeMethod -->
        <test-method signature="dataUsernamePassword3Valid()[pri:0, instance:TestClasses.MultipleDataLogin@73e9cf30]" started-at="2021-11-03T18:39:32 IST" name="dataUsernamePassword3Valid" finished-at="2021-11-03T18:39:39 IST" duration-ms="7216" status="PASS">
          <reporter-output>
          </reporter-output>
        </test-method> <!-- dataUsernamePassword3Valid -->
        <test-method is-config="true" signature="login()[pri:0, instance:TestClasses.MultipleDataLogin@73e9cf30]" started-at="2021-11-03T18:39:39 IST" name="login" finished-at="2021-11-03T18:39:41 IST" duration-ms="2097" status="PASS">
          <reporter-output>
          </reporter-output>
        </test-method> <!-- login -->
        <test-method is-config="true" signature="beforeMethod()[pri:0, instance:TestClasses.MultipleDataLogin@73e9cf30]" started-at="2021-11-03T18:39:41 IST" name="beforeMethod" finished-at="2021-11-03T18:39:41 IST" duration-ms="1" status="PASS">
          <reporter-output>
          </reporter-output>
        </test-method> <!-- beforeMethod -->
        <test-method signature="dataUsernamePassword4Invalid()[pri:0, instance:TestClasses.MultipleDataLogin@73e9cf30]" started-at="2021-11-03T18:39:41 IST" name="dataUsernamePassword4Invalid" finished-at="2021-11-03T18:39:46 IST" duration-ms="5293" status="PASS">
          <reporter-output>
          </reporter-output>
        </test-method> <!-- dataUsernamePassword4Invalid -->
        <test-method is-config="true" signature="login()[pri:0, instance:TestClasses.MultipleDataLogin@73e9cf30]" started-at="2021-11-03T18:39:46 IST" name="login" finished-at="2021-11-03T18:39:48 IST" duration-ms="2027" status="PASS">
          <reporter-output>
          </reporter-output>
        </test-method> <!-- login -->
        <test-method is-config="true" signature="closingAct()[pri:0, instance:TestClasses.MultipleDataLogin@73e9cf30]" started-at="2021-11-03T18:39:48 IST" name="closingAct" finished-at="2021-11-03T18:39:49 IST" duration-ms="1087" status="PASS">
          <reporter-output>
          </reporter-output>
        </test-method> <!-- closingAct -->
      </class> <!-- TestClasses.MultipleDataLogin -->
    </test> <!-- Test -->
  </suite> <!-- Suite -->
</testng-results>
