<?xml version="1.0" encoding="UTF-8"?>
<!-- Generated by org.testng.reporters.JUnitXMLReporter -->
<testsuite ignored="0" hostname="Shubham" failures="0" tests="9" name="Default test" time="0.195" errors="0" timestamp="2021-11-02T12:43:09 IST">
  <testcase classname="TestClasses.BaseClass" name="@BeforeClass SetUp" time="-1.635837188909E9">
    <failure type="org.testng.TestNGException" message="
Parameter &amp;apos;Browser&amp;apos; is required by BeforeClass on method SetUp but has not been marked @Optional or defined
in C:\Users\shital-shubham\AppData\Local\Temp\testng-eclipse--368350065\testng-customsuite.xml">
      <![CDATA[org.testng.TestNGException: 
Parameter 'Browser' is required by BeforeClass on method SetUp but has not been marked @Optional or defined
in C:\Users\shital-shubham\AppData\Local\Temp\testng-eclipse--368350065\testng-customsuite.xml
at org.testng.internal.Parameters.createParams(Parameters.java:270)
at org.testng.internal.Parameters.createParametersForMethod(Parameters.java:358)
at org.testng.internal.Parameters.createParameters(Parameters.java:700)
at org.testng.internal.Parameters.createConfigurationParameters(Parameters.java:168)
at org.testng.internal.ConfigInvoker.invokeConfigurations(ConfigInvoker.java:302)
at org.testng.internal.TestMethodWorker.invokeBeforeClassMethods(TestMethodWorker.java:176)
at org.testng.internal.TestMethodWorker.run(TestMethodWorker.java:122)
at java.base/java.util.ArrayList.forEach(ArrayList.java:1511)
at org.testng.TestRunner.privateRun(TestRunner.java:794)
at org.testng.TestRunner.run(TestRunner.java:596)
at org.testng.SuiteRunner.runTest(SuiteRunner.java:377)
at org.testng.SuiteRunner.runSequentially(SuiteRunner.java:371)
at org.testng.SuiteRunner.privateRun(SuiteRunner.java:332)
at org.testng.SuiteRunner.run(SuiteRunner.java:276)
at org.testng.SuiteRunnerWorker.runSuite(SuiteRunnerWorker.java:53)
at org.testng.SuiteRunnerWorker.run(SuiteRunnerWorker.java:96)
at org.testng.TestNG.runSuitesSequentially(TestNG.java:1212)
at org.testng.TestNG.runSuitesLocally(TestNG.java:1134)
at org.testng.TestNG.runSuites(TestNG.java:1063)
at org.testng.TestNG.run(TestNG.java:1031)
at org.testng.remote.AbstractRemoteTestNG.run(AbstractRemoteTestNG.java:115)
at org.testng.remote.RemoteTestNG.initAndRun(RemoteTestNG.java:251)
at org.testng.remote.RemoteTestNG.main(RemoteTestNG.java:77)
]]>
    </failure>
  </testcase> <!-- @BeforeClass SetUp -->
  <testcase classname="TestClasses.MultipleDataLogin" name="@BeforeMethod beforeMethod" time="-1.635837188948E9">
    <skipped/>
  </testcase> <!-- @BeforeMethod beforeMethod -->
  <testcase classname="TestClasses.MultipleDataLogin" name="@AfterMethod login" time="-1.635837188961E9">
    <skipped/>
  </testcase> <!-- @AfterMethod login -->
  <testcase classname="TestClasses.MultipleDataLogin" name="@BeforeMethod beforeMethod" time="-1.635837188964E9">
    <skipped/>
  </testcase> <!-- @BeforeMethod beforeMethod -->
  <testcase classname="TestClasses.MultipleDataLogin" name="@AfterMethod login" time="-1.635837188972E9">
    <skipped/>
  </testcase> <!-- @AfterMethod login -->
  <testcase classname="TestClasses.MultipleDataLogin" name="@BeforeMethod beforeMethod" time="-1.635837188975E9">
    <skipped/>
  </testcase> <!-- @BeforeMethod beforeMethod -->
  <testcase classname="TestClasses.MultipleDataLogin" name="@AfterMethod login" time="-1.635837188983E9">
    <skipped/>
  </testcase> <!-- @AfterMethod login -->
  <testcase classname="TestClasses.MultipleDataLogin" name="@BeforeMethod beforeMethod" time="-1.635837188986E9">
    <skipped/>
  </testcase> <!-- @BeforeMethod beforeMethod -->
  <testcase classname="TestClasses.MultipleDataLogin" name="@AfterMethod login" time="-1.635837188995E9">
    <skipped/>
  </testcase> <!-- @AfterMethod login -->
  <testcase classname="TestClasses.MultipleDataLogin" name="@BeforeMethod beforeMethod" time="-1.635837189E9">
    <skipped/>
  </testcase> <!-- @BeforeMethod beforeMethod -->
  <testcase classname="TestClasses.MultipleDataLogin" name="@AfterMethod login" time="-1.63583718901E9">
    <skipped/>
  </testcase> <!-- @AfterMethod login -->
  <testcase classname="TestClasses.MultipleDataLogin" name="@BeforeMethod beforeMethod" time="-1.635837189018E9">
    <skipped/>
  </testcase> <!-- @BeforeMethod beforeMethod -->
  <testcase classname="TestClasses.MultipleDataLogin" name="@AfterMethod login" time="-1.63583718903E9">
    <skipped/>
  </testcase> <!-- @AfterMethod login -->
  <testcase classname="TestClasses.MultipleDataLogin" name="@BeforeMethod beforeMethod" time="-1.635837189034E9">
    <skipped/>
  </testcase> <!-- @BeforeMethod beforeMethod -->
  <testcase classname="TestClasses.MultipleDataLogin" name="@AfterMethod login" time="-1.635837189041E9">
    <skipped/>
  </testcase> <!-- @AfterMethod login -->
  <testcase classname="TestClasses.MultipleDataLogin" name="@BeforeMethod beforeMethod" time="-1.635837189045E9">
    <skipped/>
  </testcase> <!-- @BeforeMethod beforeMethod -->
  <testcase classname="TestClasses.MultipleDataLogin" name="@AfterMethod login" time="-1.635837189052E9">
    <skipped/>
  </testcase> <!-- @AfterMethod login -->
  <testcase classname="TestClasses.MultipleDataLogin" name="@BeforeMethod beforeMethod" time="-1.635837189053E9">
    <skipped/>
  </testcase> <!-- @BeforeMethod beforeMethod -->
  <testcase classname="TestClasses.MultipleDataLogin" name="@AfterMethod login" time="-1.63583718906E9">
    <skipped/>
  </testcase> <!-- @AfterMethod login -->
  <testcase classname="TestClasses.BaseClass" name="@AfterClass closingAct" time="-1.635837189063E9">
    <skipped/>
  </testcase> <!-- @AfterClass closingAct -->
  <testcase classname="TestClasses.MultipleDataLogin" name="dataUsername1Invalid" time="0.0">
    <skipped/>
  </testcase> <!-- dataUsername1Invalid -->
  <testcase classname="TestClasses.MultipleDataLogin" name="dataUsername2Valid" time="0.0">
    <skipped/>
  </testcase> <!-- dataUsername2Valid -->
  <testcase classname="TestClasses.MultipleDataLogin" name="dataUsername3Invalid" time="0.0">
    <skipped/>
  </testcase> <!-- dataUsername3Invalid -->
  <testcase classname="TestClasses.MultipleDataLogin" name="dataUsername4Valid" time="0.0">
    <skipped/>
  </testcase> <!-- dataUsername4Valid -->
  <testcase classname="TestClasses.MultipleDataLogin" name="dataUsername5Invalid" time="0.0">
    <skipped/>
  </testcase> <!-- dataUsername5Invalid -->
  <testcase classname="TestClasses.MultipleDataLogin" name="dataUsernamePassword1" time="0.0">
    <skipped/>
  </testcase> <!-- dataUsernamePassword1 -->
  <testcase classname="TestClasses.MultipleDataLogin" name="dataUsernamePassword2" time="0.0">
    <skipped/>
  </testcase> <!-- dataUsernamePassword2 -->
  <testcase classname="TestClasses.MultipleDataLogin" name="dataUsernamePassword3" time="0.0">
    <skipped/>
  </testcase> <!-- dataUsernamePassword3 -->
  <testcase classname="TestClasses.MultipleDataLogin" name="dataUsernamePassword4" time="0.0">
    <skipped/>
  </testcase> <!-- dataUsernamePassword4 -->
</testsuite> <!-- Default test -->
